[0.010s] Invoking command in '/home/artl2sch/dev_ws/src/basic_mobile_robot/build/basic_mobile_robot': CMAKE_PREFIX_PATH=${CMAKE_PREFIX_PATH}:/home/artl2sch/ros2_ws/install/my_py_pkg:/opt/ros/humble /usr/bin/cmake --build /home/artl2sch/dev_ws/src/basic_mobile_robot/build/basic_mobile_robot -- -j12 -l12
[0.035s] Invoked command in '/home/artl2sch/dev_ws/src/basic_mobile_robot/build/basic_mobile_robot' returned '0': CMAKE_PREFIX_PATH=${CMAKE_PREFIX_PATH}:/home/artl2sch/ros2_ws/install/my_py_pkg:/opt/ros/humble /usr/bin/cmake --build /home/artl2sch/dev_ws/src/basic_mobile_robot/build/basic_mobile_robot -- -j12 -l12
[0.073s] Invoking command in '/home/artl2sch/dev_ws/src/basic_mobile_robot/build/basic_mobile_robot': CMAKE_PREFIX_PATH=${CMAKE_PREFIX_PATH}:/home/artl2sch/ros2_ws/install/my_py_pkg:/opt/ros/humble /usr/bin/cmake --install /home/artl2sch/dev_ws/src/basic_mobile_robot/build/basic_mobile_robot
[0.082s] -- Install configuration: ""
[0.082s] -- Up-to-date: /home/artl2sch/dev_ws/src/basic_mobile_robot/install/basic_mobile_robot/share/basic_mobile_robot/config
[0.082s] -- Up-to-date: /home/artl2sch/dev_ws/src/basic_mobile_robot/install/basic_mobile_robot/share/basic_mobile_robot/config/ekf.yaml
[0.082s] -- Up-to-date: /home/artl2sch/dev_ws/src/basic_mobile_robot/install/basic_mobile_robot/share/basic_mobile_robot/config/navsat_transform_config.yaml
[0.082s] -- Up-to-date: /home/artl2sch/dev_ws/src/basic_mobile_robot/install/basic_mobile_robot/share/basic_mobile_robot/launch
[0.082s] -- Installing: /home/artl2sch/dev_ws/src/basic_mobile_robot/install/basic_mobile_robot/share/basic_mobile_robot/launch/basic_mobile_bot_v3.launch.py
[0.082s] -- Up-to-date: /home/artl2sch/dev_ws/src/basic_mobile_robot/install/basic_mobile_robot/share/basic_mobile_robot/launch/basic_mobile_bot_v1.launch.py
[0.082s] -- Up-to-date: /home/artl2sch/dev_ws/src/basic_mobile_robot/install/basic_mobile_robot/share/basic_mobile_robot/maps
[0.082s] -- Up-to-date: /home/artl2sch/dev_ws/src/basic_mobile_robot/install/basic_mobile_robot/share/basic_mobile_robot/meshes
[0.082s] -- Up-to-date: /home/artl2sch/dev_ws/src/basic_mobile_robot/install/basic_mobile_robot/share/basic_mobile_robot/meshes/arm_base.stl
[0.082s] -- Up-to-date: /home/artl2sch/dev_ws/src/basic_mobile_robot/install/basic_mobile_robot/share/basic_mobile_robot/meshes/wheel.stl
[0.082s] -- Up-to-date: /home/artl2sch/dev_ws/src/basic_mobile_robot/install/basic_mobile_robot/share/basic_mobile_robot/meshes/robot_base.stl
[0.082s] -- Up-to-date: /home/artl2sch/dev_ws/src/basic_mobile_robot/install/basic_mobile_robot/share/basic_mobile_robot/meshes/elbow.stl
[0.082s] -- Up-to-date: /home/artl2sch/dev_ws/src/basic_mobile_robot/install/basic_mobile_robot/share/basic_mobile_robot/meshes/bicep.stl
[0.083s] -- Up-to-date: /home/artl2sch/dev_ws/src/basic_mobile_robot/install/basic_mobile_robot/share/basic_mobile_robot/meshes/wrist.stl
[0.083s] -- Up-to-date: /home/artl2sch/dev_ws/src/basic_mobile_robot/install/basic_mobile_robot/share/basic_mobile_robot/models
[0.083s] -- Up-to-date: /home/artl2sch/dev_ws/src/basic_mobile_robot/install/basic_mobile_robot/share/basic_mobile_robot/models/basic_mobile_bot_description
[0.083s] -- Up-to-date: /home/artl2sch/dev_ws/src/basic_mobile_robot/install/basic_mobile_robot/share/basic_mobile_robot/models/basic_mobile_bot_description/meshes
[0.083s] -- Up-to-date: /home/artl2sch/dev_ws/src/basic_mobile_robot/install/basic_mobile_robot/share/basic_mobile_robot/models/basic_mobile_bot_description/meshes/arm_base.stl
[0.083s] -- Up-to-date: /home/artl2sch/dev_ws/src/basic_mobile_robot/install/basic_mobile_robot/share/basic_mobile_robot/models/basic_mobile_bot_description/meshes/wheel.stl
[0.083s] -- Up-to-date: /home/artl2sch/dev_ws/src/basic_mobile_robot/install/basic_mobile_robot/share/basic_mobile_robot/models/basic_mobile_bot_description/meshes/robot_base.stl
[0.083s] -- Up-to-date: /home/artl2sch/dev_ws/src/basic_mobile_robot/install/basic_mobile_robot/share/basic_mobile_robot/models/basic_mobile_bot_description/meshes/elbow.stl
[0.083s] -- Up-to-date: /home/artl2sch/dev_ws/src/basic_mobile_robot/install/basic_mobile_robot/share/basic_mobile_robot/models/basic_mobile_bot_description/meshes/bicep.stl
[0.083s] -- Up-to-date: /home/artl2sch/dev_ws/src/basic_mobile_robot/install/basic_mobile_robot/share/basic_mobile_robot/models/basic_mobile_bot_description/meshes/wrist.stl
[0.083s] -- Up-to-date: /home/artl2sch/dev_ws/src/basic_mobile_robot/install/basic_mobile_robot/share/basic_mobile_robot/models/basic_mobile_bot_description/model.config
[0.083s] -- Up-to-date: /home/artl2sch/dev_ws/src/basic_mobile_robot/install/basic_mobile_robot/share/basic_mobile_robot/models/basic_mobile_bot_description/model.sdf
[0.083s] -- Up-to-date: /home/artl2sch/dev_ws/src/basic_mobile_robot/install/basic_mobile_robot/share/basic_mobile_robot/models/basic_mobile_bot_v1.urdf
[0.083s] -- Up-to-date: /home/artl2sch/dev_ws/src/basic_mobile_robot/install/basic_mobile_robot/share/basic_mobile_robot/params
[0.083s] -- Up-to-date: /home/artl2sch/dev_ws/src/basic_mobile_robot/install/basic_mobile_robot/share/basic_mobile_robot/rviz
[0.084s] -- Up-to-date: /home/artl2sch/dev_ws/src/basic_mobile_robot/install/basic_mobile_robot/share/basic_mobile_robot/rviz/urdf_config.rviz
[0.084s] -- Up-to-date: /home/artl2sch/dev_ws/src/basic_mobile_robot/install/basic_mobile_robot/share/basic_mobile_robot/src
[0.084s] -- Up-to-date: /home/artl2sch/dev_ws/src/basic_mobile_robot/install/basic_mobile_robot/share/basic_mobile_robot/worlds
[0.084s] -- Up-to-date: /home/artl2sch/dev_ws/src/basic_mobile_robot/install/basic_mobile_robot/share/basic_mobile_robot/worlds/basic_mobile_bot_world
[0.084s] -- Up-to-date: /home/artl2sch/dev_ws/src/basic_mobile_robot/install/basic_mobile_robot/share/basic_mobile_robot/worlds/basic_mobile_bot_world/smalltown.world
[0.084s] -- Up-to-date: /home/artl2sch/dev_ws/src/basic_mobile_robot/install/basic_mobile_robot/share/ament_index/resource_index/package_run_dependencies/basic_mobile_robot
[0.084s] -- Up-to-date: /home/artl2sch/dev_ws/src/basic_mobile_robot/install/basic_mobile_robot/share/ament_index/resource_index/parent_prefix_path/basic_mobile_robot
[0.084s] -- Up-to-date: /home/artl2sch/dev_ws/src/basic_mobile_robot/install/basic_mobile_robot/share/basic_mobile_robot/environment/ament_prefix_path.sh
[0.084s] -- Up-to-date: /home/artl2sch/dev_ws/src/basic_mobile_robot/install/basic_mobile_robot/share/basic_mobile_robot/environment/ament_prefix_path.dsv
[0.084s] -- Up-to-date: /home/artl2sch/dev_ws/src/basic_mobile_robot/install/basic_mobile_robot/share/basic_mobile_robot/environment/path.sh
[0.084s] -- Up-to-date: /home/artl2sch/dev_ws/src/basic_mobile_robot/install/basic_mobile_robot/share/basic_mobile_robot/environment/path.dsv
[0.084s] -- Up-to-date: /home/artl2sch/dev_ws/src/basic_mobile_robot/install/basic_mobile_robot/share/basic_mobile_robot/local_setup.bash
[0.084s] -- Up-to-date: /home/artl2sch/dev_ws/src/basic_mobile_robot/install/basic_mobile_robot/share/basic_mobile_robot/local_setup.sh
[0.084s] -- Up-to-date: /home/artl2sch/dev_ws/src/basic_mobile_robot/install/basic_mobile_robot/share/basic_mobile_robot/local_setup.zsh
[0.084s] -- Up-to-date: /home/artl2sch/dev_ws/src/basic_mobile_robot/install/basic_mobile_robot/share/basic_mobile_robot/local_setup.dsv
[0.085s] -- Installing: /home/artl2sch/dev_ws/src/basic_mobile_robot/install/basic_mobile_robot/share/basic_mobile_robot/package.dsv
[0.085s] -- Up-to-date: /home/artl2sch/dev_ws/src/basic_mobile_robot/install/basic_mobile_robot/share/ament_index/resource_index/packages/basic_mobile_robot
[0.085s] -- Up-to-date: /home/artl2sch/dev_ws/src/basic_mobile_robot/install/basic_mobile_robot/share/basic_mobile_robot/cmake/basic_mobile_robotConfig.cmake
[0.085s] -- Up-to-date: /home/artl2sch/dev_ws/src/basic_mobile_robot/install/basic_mobile_robot/share/basic_mobile_robot/cmake/basic_mobile_robotConfig-version.cmake
[0.085s] -- Up-to-date: /home/artl2sch/dev_ws/src/basic_mobile_robot/install/basic_mobile_robot/share/basic_mobile_robot/package.xml
[0.086s] Invoked command in '/home/artl2sch/dev_ws/src/basic_mobile_robot/build/basic_mobile_robot' returned '0': CMAKE_PREFIX_PATH=${CMAKE_PREFIX_PATH}:/home/artl2sch/ros2_ws/install/my_py_pkg:/opt/ros/humble /usr/bin/cmake --install /home/artl2sch/dev_ws/src/basic_mobile_robot/build/basic_mobile_robot
