[0.240s] DEBUG:colcon:Command line arguments: ['/usr/bin/colcon', 'build']
[0.240s] DEBUG:colcon:Parsed command line arguments: Namespace(log_base=None, log_level=None, verb_name='build', build_base='build', install_base='install', merge_install=False, symlink_install=False, test_result_base=None, continue_on_error=False, executor='parallel', parallel_workers=12, event_handlers=None, ignore_user_meta=False, metas=['./colcon.meta'], base_paths=['.'], packages_ignore=None, packages_ignore_regex=None, paths=None, packages_up_to=None, packages_up_to_regex=None, packages_above=None, packages_above_and_dependencies=None, packages_above_depth=None, packages_select_by_dep=None, packages_skip_by_dep=None, packages_skip_up_to=None, packages_select_build_failed=False, packages_skip_build_finished=False, packages_select_test_failures=False, packages_skip_test_passed=False, packages_select=None, packages_skip=None, packages_select_regex=None, packages_skip_regex=None, packages_start=None, packages_end=None, allow_overriding=[], cmake_args=None, cmake_target=None, cmake_target_skip_unavailable=False, cmake_clean_cache=False, cmake_clean_first=False, cmake_force_configure=False, ament_cmake_args=None, catkin_cmake_args=None, catkin_skip_building_tests=False, verb_parser=<colcon_defaults.argument_parser.defaults.DefaultArgumentsDecorator object at 0x7f9db0ff2c20>, verb_extension=<colcon_core.verb.build.BuildVerb object at 0x7f9db16e16c0>, main=<bound method BuildVerb.main of <colcon_core.verb.build.BuildVerb object at 0x7f9db16e16c0>>)
[0.267s] Level 1:colcon.colcon_core.package_discovery:discover_packages(colcon_meta) check parameters
[0.267s] Level 1:colcon.colcon_core.package_discovery:discover_packages(recursive) check parameters
[0.267s] Level 1:colcon.colcon_core.package_discovery:discover_packages(ignore) check parameters
[0.267s] Level 1:colcon.colcon_core.package_discovery:discover_packages(path) check parameters
[0.267s] Level 1:colcon.colcon_core.package_discovery:discover_packages(colcon_meta) discover
[0.267s] Level 1:colcon.colcon_core.package_discovery:discover_packages(recursive) discover
[0.267s] INFO:colcon.colcon_core.package_discovery:Crawling recursively for packages in '/home/artl2sch/dev_ws/src/basic_mobile_robot'
[0.267s] Level 1:colcon.colcon_core.package_identification:_identify(.) by extensions ['ignore', 'ignore_ament_install']
[0.267s] Level 1:colcon.colcon_core.package_identification:_identify(.) by extension 'ignore'
[0.267s] Level 1:colcon.colcon_core.package_identification:_identify(.) by extension 'ignore_ament_install'
[0.267s] Level 1:colcon.colcon_core.package_identification:_identify(.) by extensions ['colcon_pkg']
[0.267s] Level 1:colcon.colcon_core.package_identification:_identify(.) by extension 'colcon_pkg'
[0.267s] Level 1:colcon.colcon_core.package_identification:_identify(.) by extensions ['colcon_meta']
[0.268s] Level 1:colcon.colcon_core.package_identification:_identify(.) by extension 'colcon_meta'
[0.268s] Level 1:colcon.colcon_core.package_identification:_identify(.) by extensions ['ros']
[0.268s] Level 1:colcon.colcon_core.package_identification:_identify(.) by extension 'ros'
[0.280s] DEBUG:colcon.colcon_core.package_identification:Package '.' with type 'ros.ament_cmake' and name 'basic_mobile_robot'
[0.280s] Level 1:colcon.colcon_core.package_discovery:discover_packages(recursive) using defaults
[0.280s] Level 1:colcon.colcon_core.package_discovery:discover_packages(ignore) discover
[0.280s] Level 1:colcon.colcon_core.package_discovery:discover_packages(ignore) using defaults
[0.280s] Level 1:colcon.colcon_core.package_discovery:discover_packages(path) discover
[0.280s] Level 1:colcon.colcon_core.package_discovery:discover_packages(path) using defaults
[0.298s] Level 1:colcon.colcon_core.package_discovery:discover_packages(prefix_path) check parameters
[0.298s] Level 1:colcon.colcon_core.package_discovery:discover_packages(prefix_path) discover
[0.300s] DEBUG:colcon.colcon_installed_package_information.package_discovery:Found 2 installed packages in /home/artl2sch/dev_ws/install
[0.301s] DEBUG:colcon.colcon_installed_package_information.package_discovery:Found 1 installed packages in /home/artl2sch/ros2_ws/install
[0.302s] DEBUG:colcon.colcon_installed_package_information.package_discovery:Found 360 installed packages in /opt/ros/humble
[0.303s] Level 1:colcon.colcon_core.package_discovery:discover_packages(prefix_path) using defaults
[0.348s] Level 5:colcon.colcon_core.verb:set package 'basic_mobile_robot' build argument 'cmake_args' from command line to 'None'
[0.348s] Level 5:colcon.colcon_core.verb:set package 'basic_mobile_robot' build argument 'cmake_target' from command line to 'None'
[0.348s] Level 5:colcon.colcon_core.verb:set package 'basic_mobile_robot' build argument 'cmake_target_skip_unavailable' from command line to 'False'
[0.348s] Level 5:colcon.colcon_core.verb:set package 'basic_mobile_robot' build argument 'cmake_clean_cache' from command line to 'False'
[0.348s] Level 5:colcon.colcon_core.verb:set package 'basic_mobile_robot' build argument 'cmake_clean_first' from command line to 'False'
[0.348s] Level 5:colcon.colcon_core.verb:set package 'basic_mobile_robot' build argument 'cmake_force_configure' from command line to 'False'
[0.348s] Level 5:colcon.colcon_core.verb:set package 'basic_mobile_robot' build argument 'ament_cmake_args' from command line to 'None'
[0.348s] Level 5:colcon.colcon_core.verb:set package 'basic_mobile_robot' build argument 'catkin_cmake_args' from command line to 'None'
[0.348s] Level 5:colcon.colcon_core.verb:set package 'basic_mobile_robot' build argument 'catkin_skip_building_tests' from command line to 'False'
[0.348s] DEBUG:colcon.colcon_core.verb:Building package 'basic_mobile_robot' with the following arguments: {'ament_cmake_args': None, 'build_base': '/home/artl2sch/dev_ws/src/basic_mobile_robot/build/basic_mobile_robot', 'catkin_cmake_args': None, 'catkin_skip_building_tests': False, 'cmake_args': None, 'cmake_clean_cache': False, 'cmake_clean_first': False, 'cmake_force_configure': False, 'cmake_target': None, 'cmake_target_skip_unavailable': False, 'install_base': '/home/artl2sch/dev_ws/src/basic_mobile_robot/install/basic_mobile_robot', 'merge_install': False, 'path': '/home/artl2sch/dev_ws/src/basic_mobile_robot', 'symlink_install': False, 'test_result_base': None}
[0.349s] INFO:colcon.colcon_core.executor:Executing jobs using 'parallel' executor
[0.350s] DEBUG:colcon.colcon_parallel_executor.executor.parallel:run_until_complete
[0.351s] INFO:colcon.colcon_ros.task.ament_cmake.build:Building ROS package in '/home/artl2sch/dev_ws/src/basic_mobile_robot' with build type 'ament_cmake'
[0.351s] INFO:colcon.colcon_cmake.task.cmake.build:Building CMake package in '/home/artl2sch/dev_ws/src/basic_mobile_robot'
[0.355s] INFO:colcon.colcon_core.plugin_system:Skipping extension 'colcon_core.shell.bat': Not used on non-Windows systems
[0.355s] INFO:colcon.colcon_core.shell:Skip shell extension 'powershell' for command environment: Not usable outside of PowerShell
[0.355s] DEBUG:colcon.colcon_core.shell:Skip shell extension 'dsv' for command environment
[0.362s] DEBUG:colcon.colcon_core.event_handler.log_command:Invoking command in '/home/artl2sch/dev_ws/src/basic_mobile_robot/build/basic_mobile_robot': CMAKE_PREFIX_PATH=${CMAKE_PREFIX_PATH}:/home/artl2sch/ros2_ws/install/my_py_pkg:/opt/ros/humble /usr/bin/cmake /home/artl2sch/dev_ws/src/basic_mobile_robot -DCMAKE_INSTALL_PREFIX=/home/artl2sch/dev_ws/src/basic_mobile_robot/install/basic_mobile_robot
[0.806s] DEBUG:colcon.colcon_core.event_handler.log_command:Invoked command in '/home/artl2sch/dev_ws/src/basic_mobile_robot/build/basic_mobile_robot' returned '0': CMAKE_PREFIX_PATH=${CMAKE_PREFIX_PATH}:/home/artl2sch/ros2_ws/install/my_py_pkg:/opt/ros/humble /usr/bin/cmake /home/artl2sch/dev_ws/src/basic_mobile_robot -DCMAKE_INSTALL_PREFIX=/home/artl2sch/dev_ws/src/basic_mobile_robot/install/basic_mobile_robot
[0.807s] DEBUG:colcon.colcon_core.event_handler.log_command:Invoking command in '/home/artl2sch/dev_ws/src/basic_mobile_robot/build/basic_mobile_robot': CMAKE_PREFIX_PATH=${CMAKE_PREFIX_PATH}:/home/artl2sch/ros2_ws/install/my_py_pkg:/opt/ros/humble /usr/bin/cmake --build /home/artl2sch/dev_ws/src/basic_mobile_robot/build/basic_mobile_robot -- -j12 -l12
[0.834s] DEBUG:colcon.colcon_core.event_handler.log_command:Invoked command in '/home/artl2sch/dev_ws/src/basic_mobile_robot/build/basic_mobile_robot' returned '0': CMAKE_PREFIX_PATH=${CMAKE_PREFIX_PATH}:/home/artl2sch/ros2_ws/install/my_py_pkg:/opt/ros/humble /usr/bin/cmake --build /home/artl2sch/dev_ws/src/basic_mobile_robot/build/basic_mobile_robot -- -j12 -l12
[0.857s] DEBUG:colcon.colcon_core.event_handler.log_command:Invoking command in '/home/artl2sch/dev_ws/src/basic_mobile_robot/build/basic_mobile_robot': CMAKE_PREFIX_PATH=${CMAKE_PREFIX_PATH}:/home/artl2sch/ros2_ws/install/my_py_pkg:/opt/ros/humble /usr/bin/cmake --install /home/artl2sch/dev_ws/src/basic_mobile_robot/build/basic_mobile_robot
[0.867s] Level 1:colcon.colcon_core.environment:create_environment_scripts_only(basic_mobile_robot)
[0.868s] DEBUG:colcon.colcon_core.event_handler.log_command:Invoked command in '/home/artl2sch/dev_ws/src/basic_mobile_robot/build/basic_mobile_robot' returned '0': CMAKE_PREFIX_PATH=${CMAKE_PREFIX_PATH}:/home/artl2sch/ros2_ws/install/my_py_pkg:/opt/ros/humble /usr/bin/cmake --install /home/artl2sch/dev_ws/src/basic_mobile_robot/build/basic_mobile_robot
[0.872s] Level 1:colcon.colcon_core.environment:checking '/home/artl2sch/dev_ws/src/basic_mobile_robot/install/basic_mobile_robot' for CMake module files
[0.872s] Level 1:colcon.colcon_core.environment:checking '/home/artl2sch/dev_ws/src/basic_mobile_robot/install/basic_mobile_robot' for CMake config files
[0.873s] Level 1:colcon.colcon_core.shell:create_environment_hook('basic_mobile_robot', 'cmake_prefix_path')
[0.873s] INFO:colcon.colcon_core.shell:Creating environment hook '/home/artl2sch/dev_ws/src/basic_mobile_robot/install/basic_mobile_robot/share/basic_mobile_robot/hook/cmake_prefix_path.ps1'
[0.874s] INFO:colcon.colcon_core.shell:Creating environment descriptor '/home/artl2sch/dev_ws/src/basic_mobile_robot/install/basic_mobile_robot/share/basic_mobile_robot/hook/cmake_prefix_path.dsv'
[0.874s] INFO:colcon.colcon_core.shell:Creating environment hook '/home/artl2sch/dev_ws/src/basic_mobile_robot/install/basic_mobile_robot/share/basic_mobile_robot/hook/cmake_prefix_path.sh'
[0.875s] Level 1:colcon.colcon_core.environment:checking '/home/artl2sch/dev_ws/src/basic_mobile_robot/install/basic_mobile_robot/bin'
[0.875s] Level 1:colcon.colcon_core.environment:checking '/home/artl2sch/dev_ws/src/basic_mobile_robot/install/basic_mobile_robot/lib/pkgconfig/basic_mobile_robot.pc'
[0.875s] Level 1:colcon.colcon_core.environment:checking '/home/artl2sch/dev_ws/src/basic_mobile_robot/install/basic_mobile_robot/lib/python3.10/site-packages'
[0.875s] Level 1:colcon.colcon_core.environment:checking '/home/artl2sch/dev_ws/src/basic_mobile_robot/install/basic_mobile_robot/bin'
[0.876s] INFO:colcon.colcon_core.shell:Creating package script '/home/artl2sch/dev_ws/src/basic_mobile_robot/install/basic_mobile_robot/share/basic_mobile_robot/package.ps1'
[0.876s] INFO:colcon.colcon_core.shell:Creating package descriptor '/home/artl2sch/dev_ws/src/basic_mobile_robot/install/basic_mobile_robot/share/basic_mobile_robot/package.dsv'
[0.877s] INFO:colcon.colcon_core.shell:Creating package script '/home/artl2sch/dev_ws/src/basic_mobile_robot/install/basic_mobile_robot/share/basic_mobile_robot/package.sh'
[0.877s] INFO:colcon.colcon_core.shell:Creating package script '/home/artl2sch/dev_ws/src/basic_mobile_robot/install/basic_mobile_robot/share/basic_mobile_robot/package.bash'
[0.877s] INFO:colcon.colcon_core.shell:Creating package script '/home/artl2sch/dev_ws/src/basic_mobile_robot/install/basic_mobile_robot/share/basic_mobile_robot/package.zsh'
[0.878s] Level 1:colcon.colcon_core.environment:create_file_with_runtime_dependencies(/home/artl2sch/dev_ws/src/basic_mobile_robot/install/basic_mobile_robot/share/colcon-core/packages/basic_mobile_robot)
[0.893s] Level 1:colcon.colcon_core.environment:create_environment_scripts_only(basic_mobile_robot)
[0.894s] Level 1:colcon.colcon_core.environment:checking '/home/artl2sch/dev_ws/src/basic_mobile_robot/install/basic_mobile_robot' for CMake module files
[0.895s] Level 1:colcon.colcon_core.environment:checking '/home/artl2sch/dev_ws/src/basic_mobile_robot/install/basic_mobile_robot' for CMake config files
[0.895s] Level 1:colcon.colcon_core.shell:create_environment_hook('basic_mobile_robot', 'cmake_prefix_path')
[0.896s] INFO:colcon.colcon_core.shell:Creating environment hook '/home/artl2sch/dev_ws/src/basic_mobile_robot/install/basic_mobile_robot/share/basic_mobile_robot/hook/cmake_prefix_path.ps1'
[0.896s] INFO:colcon.colcon_core.shell:Creating environment descriptor '/home/artl2sch/dev_ws/src/basic_mobile_robot/install/basic_mobile_robot/share/basic_mobile_robot/hook/cmake_prefix_path.dsv'
[0.896s] INFO:colcon.colcon_core.shell:Creating environment hook '/home/artl2sch/dev_ws/src/basic_mobile_robot/install/basic_mobile_robot/share/basic_mobile_robot/hook/cmake_prefix_path.sh'
[0.897s] Level 1:colcon.colcon_core.environment:checking '/home/artl2sch/dev_ws/src/basic_mobile_robot/install/basic_mobile_robot/bin'
[0.897s] Level 1:colcon.colcon_core.environment:checking '/home/artl2sch/dev_ws/src/basic_mobile_robot/install/basic_mobile_robot/lib/pkgconfig/basic_mobile_robot.pc'
[0.897s] Level 1:colcon.colcon_core.environment:checking '/home/artl2sch/dev_ws/src/basic_mobile_robot/install/basic_mobile_robot/lib/python3.10/site-packages'
[0.897s] Level 1:colcon.colcon_core.environment:checking '/home/artl2sch/dev_ws/src/basic_mobile_robot/install/basic_mobile_robot/bin'
[0.898s] INFO:colcon.colcon_core.shell:Creating package script '/home/artl2sch/dev_ws/src/basic_mobile_robot/install/basic_mobile_robot/share/basic_mobile_robot/package.ps1'
[0.898s] INFO:colcon.colcon_core.shell:Creating package descriptor '/home/artl2sch/dev_ws/src/basic_mobile_robot/install/basic_mobile_robot/share/basic_mobile_robot/package.dsv'
[0.898s] INFO:colcon.colcon_core.shell:Creating package script '/home/artl2sch/dev_ws/src/basic_mobile_robot/install/basic_mobile_robot/share/basic_mobile_robot/package.sh'
[0.898s] INFO:colcon.colcon_core.shell:Creating package script '/home/artl2sch/dev_ws/src/basic_mobile_robot/install/basic_mobile_robot/share/basic_mobile_robot/package.bash'
[0.899s] INFO:colcon.colcon_core.shell:Creating package script '/home/artl2sch/dev_ws/src/basic_mobile_robot/install/basic_mobile_robot/share/basic_mobile_robot/package.zsh'
[0.899s] Level 1:colcon.colcon_core.environment:create_file_with_runtime_dependencies(/home/artl2sch/dev_ws/src/basic_mobile_robot/install/basic_mobile_robot/share/colcon-core/packages/basic_mobile_robot)
[0.899s] DEBUG:colcon.colcon_parallel_executor.executor.parallel:closing loop
[0.899s] DEBUG:colcon.colcon_parallel_executor.executor.parallel:loop closed
[0.899s] DEBUG:colcon.colcon_parallel_executor.executor.parallel:run_until_complete finished with '0'
[0.899s] DEBUG:colcon.colcon_core.event_reactor:joining thread
[0.905s] INFO:colcon.colcon_core.plugin_system:Skipping extension 'colcon_notification.desktop_notification.terminal_notifier': Not used on non-Darwin systems
[0.905s] INFO:colcon.colcon_core.plugin_system:Skipping extension 'colcon_notification.desktop_notification.win32': Not used on non-Windows systems
[0.905s] INFO:colcon.colcon_notification.desktop_notification:Sending desktop notification using 'notify2'
[0.913s] DEBUG:colcon.colcon_core.event_reactor:joined thread
[0.915s] INFO:colcon.colcon_core.shell:Creating prefix script '/home/artl2sch/dev_ws/src/basic_mobile_robot/install/local_setup.ps1'
[0.916s] INFO:colcon.colcon_core.shell:Creating prefix util module '/home/artl2sch/dev_ws/src/basic_mobile_robot/install/_local_setup_util_ps1.py'
[0.916s] INFO:colcon.colcon_core.shell:Creating prefix chain script '/home/artl2sch/dev_ws/src/basic_mobile_robot/install/setup.ps1'
[0.917s] INFO:colcon.colcon_core.shell:Creating prefix script '/home/artl2sch/dev_ws/src/basic_mobile_robot/install/local_setup.sh'
[0.918s] INFO:colcon.colcon_core.shell:Creating prefix util module '/home/artl2sch/dev_ws/src/basic_mobile_robot/install/_local_setup_util_sh.py'
[0.918s] INFO:colcon.colcon_core.shell:Creating prefix chain script '/home/artl2sch/dev_ws/src/basic_mobile_robot/install/setup.sh'
[0.919s] INFO:colcon.colcon_core.shell:Creating prefix script '/home/artl2sch/dev_ws/src/basic_mobile_robot/install/local_setup.bash'
[0.919s] INFO:colcon.colcon_core.shell:Creating prefix chain script '/home/artl2sch/dev_ws/src/basic_mobile_robot/install/setup.bash'
[0.920s] INFO:colcon.colcon_core.shell:Creating prefix script '/home/artl2sch/dev_ws/src/basic_mobile_robot/install/local_setup.zsh'
[0.920s] INFO:colcon.colcon_core.shell:Creating prefix chain script '/home/artl2sch/dev_ws/src/basic_mobile_robot/install/setup.zsh'
